SprMaker ver 2.01beta  (2010-06-16)				  Elecbyte 2010
Processing sprites: done.                                      

Stats
21 sprites (21 unique), 1 palettes (1 unique, 20 discarded)
21 unique 8-bit sprite(s)
ldata   : 34257 bytes 	tdata   : 0 bytes
filesize: 35373 bytes (0 bytes saved by optimization before cropping)
mem use : 44777 bytes

21 sprite(s) compressed; 72560 bytes saved; avg compression 31.41%
SprMaker ver 2.01beta  (2010-06-16)				  Elecbyte 2010
Processing sprites: done.                                      

Stats
26 sprites (26 unique), 1 palettes (1 unique, 25 discarded)
26 unique 8-bit sprite(s)
ldata   : 56458 bytes 	tdata   : 0 bytes
filesize: 57714 bytes (0 bytes saved by optimization before cropping)
mem use : 69602 bytes

26 sprite(s) compressed; 105028 bytes saved; avg compression 34.55%
SprMaker ver 2.01beta  (2010-06-16)				  Elecbyte 2010
Processing sprites: done.                                      

Stats
17 sprites (17 unique), 1 palettes (1 unique, 16 discarded)
17 unique 8-bit sprite(s)
ldata   : 44553 bytes 	tdata   : 0 bytes
filesize: 45557 bytes (0 bytes saved by optimization before cropping)
mem use : 54609 bytes

17 sprite(s) compressed; 162318 bytes saved; avg compression 21.15%
SprMaker ver 2.01beta  (2010-06-16)				  Elecbyte 2010
Processing sprites: done.                                      

Stats
0 sprites (0 unique), 0 palettes (0 unique)
ldata   : 0 bytes 	tdata   : 0 bytes
filesize: 512 bytes (0 bytes saved by optimization before cropping)
mem use : 544 bytes

SprMaker ver 2.01beta  (2010-06-16)				  Elecbyte 2010
Processing sprites: done.                                      

Stats
4 sprites (4 unique), 1 palettes (1 unique, 3 discarded)
4 unique 8-bit sprite(s)
ldata   : 4980 bytes 	tdata   : 0 bytes
filesize: 5620 bytes (0 bytes saved by optimization before cropping)
mem use : 6780 bytes

4 sprite(s) compressed; -575 bytes saved; avg compression 117.01%
SprMaker ver 2.01beta  (2010-06-16)				  Elecbyte 2010
Processing sprites: done.                                      

Stats
13 sprites (13 unique), 1 palettes (1 unique, 12 discarded)
13 unique 8-bit sprite(s)
ldata   : 22898 bytes 	tdata   : 0 bytes
filesize: 23790 bytes (0 bytes saved by optimization before cropping)
mem use : 29434 bytes

13 sprite(s) compressed; 48174 bytes saved; avg compression 31.23%
SprMaker ver 2.01beta  (2010-06-16)				  Elecbyte 2010
Processing sprites: done.                                      

Stats
17 sprites (17 unique), 1 palettes (1 unique, 16 discarded)
17 unique 8-bit sprite(s)
ldata   : 44553 bytes 	tdata   : 0 bytes
filesize: 45557 bytes (0 bytes saved by optimization before cropping)
mem use : 54609 bytes

17 sprite(s) compressed; 162318 bytes saved; avg compression 21.15%
SprMaker ver 2.01beta  (2010-06-16)				  Elecbyte 2010
Processing sprites: done.                                      

Stats
0 sprites (0 unique), 0 palettes (0 unique)
ldata   : 0 bytes 	tdata   : 0 bytes
filesize: 512 bytes (0 bytes saved by optimization before cropping)
mem use : 544 bytes

SprMaker ver 2.01beta  (2010-06-16)				  Elecbyte 2010
Processing sprites: done.                                      

Stats
25 sprites (25 unique), 1 palettes (1 unique, 24 discarded)
25 unique 8-bit sprite(s)
ldata   : 41583 bytes 	tdata   : 0 bytes
filesize: 42811 bytes (0 bytes saved by optimization before cropping)
mem use : 53895 bytes

25 sprite(s) compressed; 85875 bytes saved; avg compression 32.08%
SprMaker ver 2.01beta  (2010-06-16)				  Elecbyte 2010
Processing sprites: done.                                      

Stats
61 sprites (61 unique), 1 palettes (1 unique, 60 discarded)
61 unique 8-bit sprite(s)
ldata   : 118776 bytes 	tdata   : 0 bytes
filesize: 121012 bytes (0 bytes saved by optimization before cropping)
mem use : 145356 bytes

61 sprite(s) compressed; 176881 bytes saved; avg compression 39.97%
SprMaker ver 2.01beta  (2010-06-16)				  Elecbyte 2010
Processing sprites: done.                                      

Stats
25 sprites (25 unique), 1 palettes (1 unique, 24 discarded)
25 unique 8-bit sprite(s)
ldata   : 37858 bytes 	tdata   : 0 bytes
filesize: 39086 bytes (0 bytes saved by optimization before cropping)
mem use : 50346 bytes

25 sprite(s) compressed; 91643 bytes saved; avg compression 28.67%
SprMaker ver 2.01beta  (2010-06-16)				  Elecbyte 2010
Processing sprites: done.                                      

Stats
0 sprites (0 unique), 0 palettes (0 unique)
ldata   : 0 bytes 	tdata   : 0 bytes
filesize: 512 bytes (0 bytes saved by optimization before cropping)
mem use : 544 bytes

SprMaker ver 2.01beta  (2010-06-16)				  Elecbyte 2010
Processing sprites: done.                                      

Stats
0 sprites (0 unique), 0 palettes (0 unique)
ldata   : 0 bytes 	tdata   : 0 bytes
filesize: 512 bytes (0 bytes saved by optimization before cropping)
mem use : 544 bytes

SprMaker ver 2.01beta  (2010-06-16)				  Elecbyte 2010
Processing sprites: done.                                      

Stats
13 sprites (13 unique), 1 palettes (1 unique, 12 discarded)
13 unique 8-bit sprite(s)
ldata   : 22898 bytes 	tdata   : 0 bytes
filesize: 23790 bytes (0 bytes saved by optimization before cropping)
mem use : 29434 bytes

13 sprite(s) compressed; 48174 bytes saved; avg compression 31.23%
SprMaker ver 2.01beta  (2010-06-16)				  Elecbyte 2010
Processing sprites: done.                                      

Stats
22 sprites (22 unique), 1 palettes (1 unique, 21 discarded)
22 unique 8-bit sprite(s)
ldata   : 46618 bytes 	tdata   : 0 bytes
filesize: 47762 bytes (0 bytes saved by optimization before cropping)
mem use : 56966 bytes

22 sprite(s) compressed; 78059 bytes saved; avg compression 36.87%
SprMaker ver 2.01beta  (2010-06-16)				  Elecbyte 2010
Processing sprites: done.                                      

Stats
33 sprites (33 unique), 1 palettes (1 unique, 32 discarded)
33 unique 8-bit sprite(s)
ldata   : 72445 bytes 	tdata   : 0 bytes
filesize: 73897 bytes (0 bytes saved by optimization before cropping)
mem use : 88453 bytes

33 sprite(s) compressed; 121139 bytes saved; avg compression 37.09%
SprMaker ver 2.01beta  (2010-06-16)				  Elecbyte 2010
Processing sprites: done.                                      

Stats
22 sprites (22 unique), 1 palettes (1 unique, 21 discarded)
22 unique 8-bit sprite(s)
ldata   : 46618 bytes 	tdata   : 0 bytes
filesize: 47762 bytes (0 bytes saved by optimization before cropping)
mem use : 56966 bytes

22 sprite(s) compressed; 78059 bytes saved; avg compression 36.87%
SprMaker ver 2.01beta  (2010-06-16)				  Elecbyte 2010
Processing sprites: done.                                      

Stats
21 sprites (21 unique), 1 palettes (1 unique, 20 discarded)
21 unique 8-bit sprite(s)
ldata   : 34257 bytes 	tdata   : 0 bytes
filesize: 35373 bytes (0 bytes saved by optimization before cropping)
mem use : 44777 bytes

21 sprite(s) compressed; 72560 bytes saved; avg compression 31.41%
SprMaker ver 2.01beta  (2010-06-16)				  Elecbyte 2010
Processing sprites: done.                                      

Stats
22 sprites (22 unique), 1 palettes (1 unique, 21 discarded)
22 unique 8-bit sprite(s)
ldata   : 46618 bytes 	tdata   : 0 bytes
filesize: 47762 bytes (0 bytes saved by optimization before cropping)
mem use : 56966 bytes

22 sprite(s) compressed; 78059 bytes saved; avg compression 36.87%
SprMaker ver 2.01beta  (2010-06-16)				  Elecbyte 2010
Processing sprites: done.                                      

Stats
61 sprites (61 unique), 1 palettes (1 unique, 60 discarded)
61 unique 8-bit sprite(s)
ldata   : 118776 bytes 	tdata   : 0 bytes
filesize: 121012 bytes (0 bytes saved by optimization before cropping)
mem use : 145356 bytes

61 sprite(s) compressed; 176881 bytes saved; avg compression 39.97%
SprMaker ver 2.01beta  (2010-06-16)				  Elecbyte 2010
Processing sprites: done.                                      

Stats
21 sprites (21 unique), 1 palettes (1 unique, 20 discarded)
21 unique 8-bit sprite(s)
ldata   : 34257 bytes 	tdata   : 0 bytes
filesize: 35373 bytes (0 bytes saved by optimization before cropping)
mem use : 44777 bytes

21 sprite(s) compressed; 72560 bytes saved; avg compression 31.41%
SprMaker ver 2.01beta  (2010-06-16)				  Elecbyte 2010
Processing sprites: done.                                      

Stats
21 sprites (21 unique), 1 palettes (1 unique, 20 discarded)
21 unique 8-bit sprite(s)
ldata   : 34257 bytes 	tdata   : 0 bytes
filesize: 35373 bytes (0 bytes saved by optimization before cropping)
mem use : 44777 bytes

21 sprite(s) compressed; 72560 bytes saved; avg compression 31.41%
SprMaker ver 2.01beta  (2010-06-16)				  Elecbyte 2010
Processing sprites: done.                                      

Stats
21 sprites (21 unique), 1 palettes (1 unique, 20 discarded)
21 unique 8-bit sprite(s)
ldata   : 34257 bytes 	tdata   : 0 bytes
filesize: 35373 bytes (0 bytes saved by optimization before cropping)
mem use : 44777 bytes

21 sprite(s) compressed; 72560 bytes saved; avg compression 31.41%
SprMaker ver 2.01beta  (2010-06-16)				  Elecbyte 2010
Processing sprites: done.                                      

Stats
21 sprites (21 unique), 1 palettes (1 unique, 20 discarded)
21 unique 8-bit sprite(s)
ldata   : 34257 bytes 	tdata   : 0 bytes
filesize: 35373 bytes (0 bytes saved by optimization before cropping)
mem use : 44777 bytes

21 sprite(s) compressed; 72560 bytes saved; avg compression 31.41%
SprMaker ver 2.01beta  (2010-06-16)				  Elecbyte 2010
Processing sprites: done.                                      

Stats
21 sprites (21 unique), 1 palettes (1 unique, 20 discarded)
21 unique 8-bit sprite(s)
ldata   : 34257 bytes 	tdata   : 0 bytes
filesize: 35373 bytes (0 bytes saved by optimization before cropping)
mem use : 44777 bytes

21 sprite(s) compressed; 72560 bytes saved; avg compression 31.41%
SprMaker ver 2.01beta  (2010-06-16)				  Elecbyte 2010
Processing sprites: done.                                      

Stats
21 sprites (21 unique), 1 palettes (1 unique, 20 discarded)
21 unique 8-bit sprite(s)
ldata   : 34257 bytes 	tdata   : 0 bytes
filesize: 35373 bytes (0 bytes saved by optimization before cropping)
mem use : 44777 bytes

21 sprite(s) compressed; 72560 bytes saved; avg compression 31.41%
SprMaker ver 2.01beta  (2010-06-16)				  Elecbyte 2010
Processing sprites: done.                                      

Stats
21 sprites (21 unique), 1 palettes (1 unique, 20 discarded)
21 unique 8-bit sprite(s)
ldata   : 34257 bytes 	tdata   : 0 bytes
filesize: 35373 bytes (0 bytes saved by optimization before cropping)
mem use : 44777 bytes

21 sprite(s) compressed; 72560 bytes saved; avg compression 31.41%
