C:\USERS\CD2\DESKTOP\IKEMEN-PLUS-ULTRA\LIB\ALPHA\DLL\SDLPLUGIN.DLL
C:\Users\CD2\Desktop\Ikemen-Plus-Ultra\lib\alpha\dll\sdlplugin.exp
C:\Users\CD2\Desktop\Ikemen-Plus-Ultra\lib\alpha\dll\sdlplugin.lib
C:\Users\CD2\Desktop\Ikemen-Plus-Ultra\src\alpha\sdlplugin\sdlplugin\..\..\..\..\lib\alpha\dll\sdlplugin.dll
C:\Users\CD2\Desktop\Ikemen-Plus-Ultra\src\alpha\sdlplugin\sdlplugin\Release\cl.command.1.tlog
C:\Users\CD2\Desktop\Ikemen-Plus-Ultra\src\alpha\sdlplugin\sdlplugin\Release\CL.read.1.tlog
C:\Users\CD2\Desktop\Ikemen-Plus-Ultra\src\alpha\sdlplugin\sdlplugin\Release\CL.write.1.tlog
C:\Users\CD2\Desktop\Ikemen-Plus-Ultra\src\alpha\sdlplugin\sdlplugin\Release\link.command.1.tlog
C:\Users\CD2\Desktop\Ikemen-Plus-Ultra\src\alpha\sdlplugin\sdlplugin\Release\link.read.1.tlog
C:\Users\CD2\Desktop\Ikemen-Plus-Ultra\src\alpha\sdlplugin\sdlplugin\Release\link.write.1.tlog
C:\USERS\CD2\DESKTOP\IKEMEN-PLUS-ULTRA\SRC\ALPHA\SDLPLUGIN\SDLPLUGIN\RELEASE\MAIN.OBJ
C:\Users\CD2\Desktop\Ikemen-Plus-Ultra\src\alpha\sdlplugin\sdlplugin\Release\mt.command.1.tlog
C:\Users\CD2\Desktop\Ikemen-Plus-Ultra\src\alpha\sdlplugin\sdlplugin\Release\mt.read.1.tlog
C:\Users\CD2\Desktop\Ikemen-Plus-Ultra\src\alpha\sdlplugin\sdlplugin\Release\mt.write.1.tlog
C:\USERS\CD2\DESKTOP\IKEMEN-PLUS-ULTRA\SRC\ALPHA\SDLPLUGIN\SDLPLUGIN\RELEASE\PLAYBACK.OBJ
C:\Users\CD2\Desktop\Ikemen-Plus-Ultra\src\alpha\sdlplugin\sdlplugin\Release\rc.command.1.tlog
C:\Users\CD2\Desktop\Ikemen-Plus-Ultra\src\alpha\sdlplugin\sdlplugin\Release\rc.read.1.tlog
C:\Users\CD2\Desktop\Ikemen-Plus-Ultra\src\alpha\sdlplugin\sdlplugin\Release\rc.write.1.tlog
C:\USERS\CD2\DESKTOP\IKEMEN-PLUS-ULTRA\SRC\ALPHA\SDLPLUGIN\SDLPLUGIN\RELEASE\RESOURCE.RES
C:\USERS\CD2\DESKTOP\IKEMEN-PLUS-ULTRA\SRC\ALPHA\SDLPLUGIN\SDLPLUGIN\RELEASE\SDLPLUGIN.DLL.INTERMEDIATE.MANIFEST
C:\USERS\CD2\DESKTOP\IKEMEN-PLUS-ULTRA\SRC\ALPHA\SDLPLUGIN\SDLPLUGIN\RELEASE\SDLPLUGIN.OBJ
C:\Users\CD2\Desktop\Ikemen-Plus-Ultra\src\alpha\sdlplugin\sdlplugin\Release\sdlplugin.vcxprojResolveAssemblyReference.cache
C:\Users\CD2\Desktop\Ikemen-Plus-Ultra\src\alpha\sdlplugin\sdlplugin\Release\sdlplugin.write.1.tlog
C:\Users\CD2\Desktop\Ikemen-Plus-Ultra\src\alpha\sdlplugin\sdlplugin\Release\ssize.vcxprojResolveAssemblyReference.cache
C:\Users\CD2\Desktop\Ikemen-Plus-Ultra\src\alpha\sdlplugin\sdlplugin\Release\ssize.write.1.tlog
C:\USERS\CD2\DESKTOP\IKEMEN-PLUS-ULTRA\SRC\ALPHA\SDLPLUGIN\SDLPLUGIN\RELEASE\VC100.PDB
C:\USERS\CD2\DESKTOP\IKEMEN-PLUS-ULTRA\SRC\ALPHA\SDLPLUGIN\SDLPLUGIN\RELEASE\VIDEO.OBJ
