Build started 02/06/2022 06:06:59 p.m..
     1>Project "D:\Games\Mugen\Ikemen-Plus-master\src\alpha\lua\lua\lua.vcxproj" on node 2 (build target(s)).
       Project file contains ToolsVersion="14.0". This toolset may be unknown or missing, in which case you may be able to resolve this by installing the appropriate version of MSBuild, or the build may have been forced to a particular ToolsVersion for policy reasons. Treating the project as if it had ToolsVersion="4.0". For more information, please see http://go.microsoft.com/fwlink/?LinkId=291333.
     1>InitializeBuildStatus:
         Creating "Release\lua.unsuccessfulbuild" because "AlwaysCreate" was specified.
       ClCompile:
         All outputs are up-to-date.
         C:\Program Files\Microsoft Visual Studio 10.0\VC\bin\CL.exe /c /ID:\d\lib\lua\include /Zi /nologo /W3 /WX- /Ox /Oi /Ot /Oy /GL /D _WINDLL /D _UNICODE /D UNICODE /Gm- /EHsc /MD /GS /fp:precise /Zc:wchar_t /Zc:forScope /Fo"Release\\" /Fd"Release\vc100.pdb" /Gd /TP /analyze- /errorReport:prompt lua.cpp
         lua.cpp
       Link:
         C:\Program Files\Microsoft Visual Studio 10.0\VC\bin\link.exe /ERRORREPORT:PROMPT /OUT:"D:\Games\Mugen\Ikemen-Plus-master\src\alpha\lua\Release\lua.dll" /NOLOGO /LIBPATH:D:\d\lib\lua kernel32.lib user32.lib gdi32.lib winspool.lib comdlg32.lib advapi32.lib shell32.lib ole32.lib oleaut32.lib uuid.lib odbc32.lib odbccp32.lib /DEF:"lua.def" /MANIFEST /ManifestFile:"Release\lua.dll.intermediate.manifest" /MANIFESTUAC:"level='asInvoker' uiAccess='false'" /PDB:"D:\Games\Mugen\Ikemen-Plus-master\src\alpha\lua\Release\lua.pdb" /LTCG /TLBID:1 /DYNAMICBASE /IMPLIB:"D:\Games\Mugen\Ikemen-Plus-master\src\alpha\lua\Release\lua.lib" /MACHINE:X86 /DLL Release\lua.obj
            Creating library D:\Games\Mugen\Ikemen-Plus-master\src\alpha\lua\Release\lua.lib and object D:\Games\Mugen\Ikemen-Plus-master\src\alpha\lua\Release\lua.exp
         Generating code
         Finished generating code
         lua.vcxproj -> D:\Games\Mugen\Ikemen-Plus-master\src\alpha\lua\Release\lua.dll
       Manifest:
         C:\Program Files\Microsoft SDKs\Windows\v7.0A\bin\mt.exe /nologo /verbose /outputresource:"D:\Games\Mugen\Ikemen-Plus-master\src\alpha\lua\Release\lua.dll;#2" /manifest Release\lua.dll.intermediate.manifest
       FinalizeBuildStatus:
         Deleting file "Release\lua.unsuccessfulbuild".
         Touching "Release\lua.lastbuildstate".
     1>Done Building Project "D:\Games\Mugen\Ikemen-Plus-master\src\alpha\lua\lua\lua.vcxproj" (build target(s)).

Build succeeded.

Time Elapsed 00:00:05.15
