Build started 13/11/2021 06:25:10 p.m..
     1>Project "C:\d\lib\ffmpeg\simplest_ffmpeg_player\simplest_ffmpeg_player.vcxproj" on node 2 (rebuild target(s)).
     1>_PrepareForClean:
         Deleting file "Release\simplest_ffmpeg_player2.lastbuildstate".
       InitializeBuildStatus:
         Creating "Release\simplest_ffmpeg_player2.unsuccessfulbuild" because "AlwaysCreate" was specified.
       ClCompile:
         C:\Program Files\Microsoft Visual Studio 10.0\VC\bin\CL.exe /c /Iinclude /Zi /nologo /W3 /WX- /O2 /Oi /Oy- /GL /D WIN32 /D NDEBUG /D _CONSOLE /D _UNICODE /D UNICODE /Gm- /EHsc /MD /GS /Gy /fp:precise /Zc:wchar_t /Zc:forScope /Fo"Release\\" /Fd"Release\vc100.pdb" /Gd /TP /analyze- /errorReport:prompt simplest_ffmpeg_player.cpp
         simplest_ffmpeg_player.cpp
     1>simplest_ffmpeg_player.cpp(91): warning C4018: '<' : signed/unsigned mismatch
     1>simplest_ffmpeg_player.cpp(76): warning C4101: 'fp_yuv' : unreferenced local variable
     1>simplest_ffmpeg_player.cpp(64): warning C4101: 'y_size' : unreferenced local variable
       Link:
         C:\Program Files\Microsoft Visual Studio 10.0\VC\bin\link.exe /ERRORREPORT:PROMPT /OUT:"C:\d\lib\ffmpeg\Release\simplest_ffmpeg_player2.exe" /INCREMENTAL:NO /NOLOGO /LIBPATH:lib avcodec.lib avformat.lib avutil.lib avdevice.lib avfilter.lib postproc.lib swresample.lib swscale.lib SDL2.lib SDL2main.lib kernel32.lib user32.lib gdi32.lib winspool.lib comdlg32.lib advapi32.lib shell32.lib ole32.lib oleaut32.lib uuid.lib odbc32.lib odbccp32.lib /MANIFEST /ManifestFile:"Release\simplest_ffmpeg_player2.exe.intermediate.manifest" /MANIFESTUAC:"level='asInvoker' uiAccess='false'" /DEBUG /PDB:"C:\d\lib\ffmpeg\Release\simplest_ffmpeg_player2.pdb" /SUBSYSTEM:CONSOLE /OPT:NOREF /OPT:ICF /LTCG /TLBID:1 /DYNAMICBASE /NXCOMPAT /IMPLIB:"C:\d\lib\ffmpeg\Release\simplest_ffmpeg_player2.lib" /MACHINE:X86 Release\simplest_ffmpeg_player.obj
         Generating code
         Finished generating code
         simplest_ffmpeg_player.vcxproj -> C:\d\lib\ffmpeg\Release\simplest_ffmpeg_player2.exe
       Manifest:
         C:\Program Files\Microsoft SDKs\Windows\v7.0A\bin\mt.exe /nologo /verbose /outputresource:"C:\d\lib\ffmpeg\Release\simplest_ffmpeg_player2.exe;#1" /manifest Release\simplest_ffmpeg_player2.exe.intermediate.manifest
       FinalizeBuildStatus:
         Deleting file "Release\simplest_ffmpeg_player2.unsuccessfulbuild".
         Touching "Release\simplest_ffmpeg_player2.lastbuildstate".
     1>Done Building Project "C:\d\lib\ffmpeg\simplest_ffmpeg_player\simplest_ffmpeg_player.vcxproj" (rebuild target(s)).

Build succeeded.

Time Elapsed 00:00:03.52
