Build started 13/11/2021 06:33:47 p.m..
     1>Project "C:\d\lib\ffmpeg\simplest_ffmpeg_decoder\simplest_ffmpeg_decoder.vcxproj" on node 2 (build target(s)).
     1>InitializeBuildStatus:
         Creating "Release\simplest_ffmpeg_decoder.unsuccessfulbuild" because "AlwaysCreate" was specified.
       ClCompile:
         C:\Program Files\Microsoft Visual Studio 10.0\VC\bin\CL.exe /c /Iinclude /Zi /nologo /W3 /WX- /O2 /Oi /Oy- /GL /D WIN32 /D NDEBUG /D _CONSOLE /D _UNICODE /D UNICODE /Gm- /EHsc /MD /GS /Gy /fp:precise /Zc:wchar_t /Zc:forScope /Fo"Release\\" /Fd"Release\vc100.pdb" /Gd /TP /analyze- /errorReport:prompt simplest_ffmpeg_decoder.cpp
         simplest_ffmpeg_decoder.cpp
     1>simplest_ffmpeg_decoder.cpp(66): warning C4996: 'fopen': This function or variable may be unsafe. Consider using fopen_s instead. To disable deprecation, use _CRT_SECURE_NO_WARNINGS. See online help for details.
                 C:\Program Files\Microsoft Visual Studio 10.0\VC\include\stdio.h(234) : see declaration of 'fopen'
     1>simplest_ffmpeg_decoder.cpp(81): warning C4018: '<' : signed/unsigned mismatch
       Link:
         C:\Program Files\Microsoft Visual Studio 10.0\VC\bin\link.exe /ERRORREPORT:PROMPT /OUT:"C:\d\lib\ffmpeg\Release\simplest_ffmpeg_decoder.exe" /INCREMENTAL:NO /NOLOGO /LIBPATH:lib avcodec.lib avformat.lib avutil.lib avdevice.lib avfilter.lib postproc.lib swresample.lib swscale.lib kernel32.lib user32.lib gdi32.lib winspool.lib comdlg32.lib advapi32.lib shell32.lib ole32.lib oleaut32.lib uuid.lib odbc32.lib odbccp32.lib /MANIFEST /ManifestFile:"Release\simplest_ffmpeg_decoder.exe.intermediate.manifest" /MANIFESTUAC:"level='asInvoker' uiAccess='false'" /DEBUG /PDB:"C:\d\lib\ffmpeg\Release\simplest_ffmpeg_decoder.pdb" /SUBSYSTEM:CONSOLE /OPT:NOREF /OPT:ICF /LTCG /TLBID:1 /DYNAMICBASE /NXCOMPAT /IMPLIB:"C:\d\lib\ffmpeg\Release\simplest_ffmpeg_decoder.lib" /MACHINE:X86 Release\simplest_ffmpeg_decoder.obj
         Generating code
         Finished generating code
         simplest_ffmpeg_decoder.vcxproj -> C:\d\lib\ffmpeg\Release\simplest_ffmpeg_decoder.exe
       Manifest:
         C:\Program Files\Microsoft SDKs\Windows\v7.0A\bin\mt.exe /nologo /verbose /outputresource:"C:\d\lib\ffmpeg\Release\simplest_ffmpeg_decoder.exe;#1" /manifest Release\simplest_ffmpeg_decoder.exe.intermediate.manifest
       FinalizeBuildStatus:
         Deleting file "Release\simplest_ffmpeg_decoder.unsuccessfulbuild".
         Touching "Release\simplest_ffmpeg_decoder.lastbuildstate".
     1>Done Building Project "C:\d\lib\ffmpeg\simplest_ffmpeg_decoder\simplest_ffmpeg_decoder.vcxproj" (build target(s)).

Build succeeded.

Time Elapsed 00:00:03.38
