Compilación iniciada a las 25/01/2024 10:38:07 p.m..
     1>Proyecto "C:\Users\CD2\Desktop\Ikemen-Plus-Ultra\src\alpha\sdlplugin\sdlplugin\sdlplugin.vcxproj" en el nodo 2 (build destinos).
       El archivo del proyecto contiene ToolsVersion="14.0". Este conjunto de herramientas falta o es desconocido, en cuyo caso es posible que pueda resolver este problema instalando la versión apropiada de MSBuild. También es posible que, por motivos de directiva, se haya exigido a la compilación que use un valor determinado para ToolsVersion. Se tratará el proyecto como si contuviera ToolsVersion="4.0". Para obtener más información, vea http://go.microsoft.com/fwlink/?LinkId=291333.
     1>C:\Program Files (x86)\MSBuild\Microsoft.Cpp\v4.0\Microsoft.CppBuild.targets(299,5): warning MSB8004: El directorio Output no termina con una barra diagonal final. Esta instancia de compilación agregará la barra diagonal porque es necesaria para que se pueda evaluar correctamente el directorio Output.
     1>InitializeBuildStatus:
         Se creará "Release\sdlplugin.unsuccessfulbuild" porque se especificó "AlwaysCreate".
       ClCompile:
         Todas las salidas están actualizadas.
       Link:
         C:\Program Files (x86)\Microsoft Visual Studio 10.0\VC\bin\link.exe /ERRORREPORT:PROMPT /OUT:"..\..\..\..\lib\alpha\dll\sdlplugin.dll" /NOLOGO /LIBPATH:C:\d\lib\glew\lib\Release\Win32 /LIBPATH:C:\d\lib\SDL2\lib\x86 /LIBPATH:C:\d\lib\SDL2\SDL2_image\lib\x86 /LIBPATH:C:\d\lib\SDL2\SDL2_ttf\lib\x86 /LIBPATH:C:\d\lib\zlib\projects\visualc6\Win32_DLL_Release /LIBPATH:C:\d\lib\libpng\projects\visualc71\Win32_LIB_Release /LIBPATH:"C:\Program Files\Microsoft SDKs\Windows\v7.1\Lib" /LIBPATH:"C:\Program Files\Microsoft SDKs\Windows\v7.0A\Lib" Strmiids.lib Quartz.lib kernel32.lib user32.lib gdi32.lib winspool.lib comdlg32.lib advapi32.lib shell32.lib ole32.lib oleaut32.lib uuid.lib odbc32.lib odbccp32.lib /DEF:"sdlplugin.def" /MANIFEST /ManifestFile:"Release\sdlplugin.dll.intermediate.manifest" /MANIFESTUAC:"level='asInvoker' uiAccess='false'" /PDB:"C:\Users\CD2\Desktop\Ikemen-Plus-Ultra\lib\alpha\dll\sdlplugin.pdb" /LTCG /TLBID:1 /DYNAMICBASE /IMPLIB:"..\..\..\..\lib\alpha\dll\sdlplugin.lib" /MACHINE:X86 /DLL Release\sdlplugin.obj
         Release\playback.obj
         Release\video.obj
            Creando biblioteca ..\..\..\..\lib\alpha\dll\sdlplugin.lib y objeto ..\..\..\..\lib\alpha\dll\sdlplugin.exp
         Generando código
     1>c:\users\cd2\desktop\ikemen-plus-ultra\src\alpha\sdlplugin\sdlplugin\sdlplugin.cpp(1083): warning C4700: se utilizó la variable local 'nCmdShow' sin inicializar
     1>c:\users\cd2\desktop\ikemen-plus-ultra\src\alpha\sdlplugin\sdlplugin\sdlplugin.cpp(1083): warning C4700: se utilizó la variable local 'pCmdLine' sin inicializar
     1>c:\users\cd2\desktop\ikemen-plus-ultra\src\alpha\sdlplugin\sdlplugin\sdlplugin.cpp(1083): warning C4700: se utilizó la variable local 'hInstance' sin inicializar
         Generación de código finalizada
         sdlplugin.vcxproj -> C:\Users\CD2\Desktop\Ikemen-Plus-Ultra\src\alpha\sdlplugin\sdlplugin\..\..\..\..\lib\alpha\dll\sdlplugin.dll
       Manifest:
         C:\Program Files (x86)\Microsoft SDKs\Windows\v7.0A\bin\mt.exe /nologo /verbose /outputresource:"..\..\..\..\lib\alpha\dll\sdlplugin.dll;#2" /manifest Release\sdlplugin.dll.intermediate.manifest
       FinalizeBuildStatus:
         Se eliminará el archivo "Release\sdlplugin.unsuccessfulbuild".
         Aplicando tarea Touch a "Release\sdlplugin.lastbuildstate".
     1>Compilación del proyecto terminada "C:\Users\CD2\Desktop\Ikemen-Plus-Ultra\src\alpha\sdlplugin\sdlplugin\sdlplugin.vcxproj" (build destinos).

Compilación correcta.

Tiempo transcurrido 00:00:01.21
