Compilación iniciada a las 08/12/2023 10:58:40 a.m..
     1>Proyecto "C:\Users\CD2\Desktop\Ikemen-Plus-Ultra\src\alpha\lua\lua\lua.vcxproj" en el nodo 2 (build destinos).
       El archivo del proyecto contiene ToolsVersion="14.0". Este conjunto de herramientas falta o es desconocido, en cuyo caso es posible que pueda resolver este problema instalando la versión apropiada de MSBuild. También es posible que, por motivos de directiva, se haya exigido a la compilación que use un valor determinado para ToolsVersion. Se tratará el proyecto como si contuviera ToolsVersion="4.0". Para obtener más información, vea http://go.microsoft.com/fwlink/?LinkId=291333.
     1>InitializeBuildStatus:
         Se creará "Release\lua.unsuccessfulbuild" porque se especificó "AlwaysCreate".
       ClCompile:
         C:\Program Files (x86)\Microsoft Visual Studio 10.0\VC\bin\CL.exe /c /ID:\d\lib\lua\include /Zi /nologo /W3 /WX- /Ox /Oi /Ot /Oy /GL /D _WINDLL /D _UNICODE /D UNICODE /Gm- /EHsc /MD /GS /fp:precise /Zc:wchar_t /Zc:forScope /Fo"Release\\" /Fd"Release\vc100.pdb" /Gd /TP /analyze- /errorReport:prompt lua.cpp
         lua.cpp
       Link:
         C:\Program Files (x86)\Microsoft Visual Studio 10.0\VC\bin\link.exe /ERRORREPORT:PROMPT /OUT:"C:\Users\CD2\Desktop\Ikemen-Plus-Ultra\src\alpha\lua\Release\lua.dll" /NOLOGO /LIBPATH:D:\d\lib\lua kernel32.lib user32.lib gdi32.lib winspool.lib comdlg32.lib advapi32.lib shell32.lib ole32.lib oleaut32.lib uuid.lib odbc32.lib odbccp32.lib /DEF:"lua.def" /MANIFEST /ManifestFile:"Release\lua.dll.intermediate.manifest" /MANIFESTUAC:"level='asInvoker' uiAccess='false'" /PDB:"C:\Users\CD2\Desktop\Ikemen-Plus-Ultra\src\alpha\lua\Release\lua.pdb" /LTCG /TLBID:1 /DYNAMICBASE /IMPLIB:"C:\Users\CD2\Desktop\Ikemen-Plus-Ultra\src\alpha\lua\Release\lua.lib" /MACHINE:X86 /DLL Release\lua.obj
            Creando biblioteca C:\Users\CD2\Desktop\Ikemen-Plus-Ultra\src\alpha\lua\Release\lua.lib y objeto C:\Users\CD2\Desktop\Ikemen-Plus-Ultra\src\alpha\lua\Release\lua.exp
         Generando código
         Generación de código finalizada
         lua.vcxproj -> C:\Users\CD2\Desktop\Ikemen-Plus-Ultra\src\alpha\lua\Release\lua.dll
       Manifest:
         C:\Program Files (x86)\Microsoft SDKs\Windows\v7.0A\bin\mt.exe /nologo /verbose /outputresource:"C:\Users\CD2\Desktop\Ikemen-Plus-Ultra\src\alpha\lua\Release\lua.dll;#2" /manifest Release\lua.dll.intermediate.manifest
       FinalizeBuildStatus:
         Se eliminará el archivo "Release\lua.unsuccessfulbuild".
         Aplicando tarea Touch a "Release\lua.lastbuildstate".
     1>Compilación del proyecto terminada "C:\Users\CD2\Desktop\Ikemen-Plus-Ultra\src\alpha\lua\lua\lua.vcxproj" (build destinos).

Compilación correcta.

Tiempo transcurrido 00:00:02.56
