Build started 02/06/2022 05:57:59 p.m..
     1>Project "D:\Games\Mugen\Ikemen-Plus-master\src\alpha\sdlplugin\sdlplugin\dll\math\math\math.vcxproj" on node 2 (build target(s)).
       Project file contains ToolsVersion="14.0". This toolset may be unknown or missing, in which case you may be able to resolve this by installing the appropriate version of MSBuild, or the build may have been forced to a particular ToolsVersion for policy reasons. Treating the project as if it had ToolsVersion="4.0". For more information, please see http://go.microsoft.com/fwlink/?LinkId=291333.
     1>C:\Program Files\MSBuild\Microsoft.Cpp\v4.0\Microsoft.CppBuild.targets(299,5): warning MSB8004: Output Directory does not end with a trailing slash.  This build instance will add the slash as it is required to allow proper evaluation of the Output Directory.
     1>InitializeBuildStatus:
         Creating "Release\math.unsuccessfulbuild" because "AlwaysCreate" was specified.
       ClCompile:
         C:\Program Files\Microsoft Visual Studio 10.0\VC\bin\CL.exe /c /ID:\d\MyProjects\MyLibrary /Zi /nologo /W3 /WX- /Ox /Oi /Ot /Oy /GL /D _WINDLL /D _UNICODE /D UNICODE /Gm- /EHsc /MD /GS /fp:precise /Zc:wchar_t /Zc:forScope /Fo"Release\\" /Fd"Release\vc100.pdb" /Gd /TP /analyze- /errorReport:prompt math.cpp
         math.cpp
       Link:
         C:\Program Files\Microsoft Visual Studio 10.0\VC\bin\link.exe /ERRORREPORT:PROMPT /OUT:"D:\Games\Mugen\Ikemen-Plus-master\lib\dll\math.dll" /NOLOGO kernel32.lib user32.lib gdi32.lib winspool.lib comdlg32.lib advapi32.lib shell32.lib ole32.lib oleaut32.lib uuid.lib odbc32.lib odbccp32.lib /DEF:"math.def" /MANIFEST /ManifestFile:"Release\math.dll.intermediate.manifest" /MANIFESTUAC:"level='asInvoker' uiAccess='false'" /PDB:"D:\Games\Mugen\Ikemen-Plus-master\lib\dll\math.pdb" /LTCG /TLBID:1 /DYNAMICBASE /IMPLIB:"D:\Games\Mugen\Ikemen-Plus-master\lib\dll\math.lib" /MACHINE:X86 /DLL Release\math.obj
            Creating library D:\Games\Mugen\Ikemen-Plus-master\lib\dll\math.lib and object D:\Games\Mugen\Ikemen-Plus-master\lib\dll\math.exp
         Generating code
         Finished generating code
         math.vcxproj -> D:\Games\Mugen\Ikemen-Plus-master\lib\dll\math.dll
       Manifest:
         C:\Program Files\Microsoft SDKs\Windows\v7.0A\bin\mt.exe /nologo /verbose /outputresource:"D:\Games\Mugen\Ikemen-Plus-master\lib\dll\math.dll;#2" /manifest Release\math.dll.intermediate.manifest
       FinalizeBuildStatus:
         Deleting file "Release\math.unsuccessfulbuild".
         Touching "Release\math.lastbuildstate".
     1>Done Building Project "D:\Games\Mugen\Ikemen-Plus-master\src\alpha\sdlplugin\sdlplugin\dll\math\math\math.vcxproj" (build target(s)).

Build succeeded.

Time Elapsed 00:00:05.31
