Build started 13/11/2021 06:24:20 p.m..
     1>Project "C:\d\lib\ffmpeg\simplest_video_play_sdl2\simplest_video_play_sdl2.vcxproj" on node 2 (build target(s)).
     1>InitializeBuildStatus:
         Creating "Release\simplest_video_play_sdl2.unsuccessfulbuild" because "AlwaysCreate" was specified.
       ClCompile:
         C:\Program Files\Microsoft Visual Studio 10.0\VC\bin\CL.exe /c /Iinclude /Zi /nologo /W3 /WX- /O2 /Oi /Oy- /GL /D WIN32 /D NDEBUG /D _CONSOLE /D _UNICODE /D UNICODE /Gm- /EHsc /MD /GS /Gy /fp:precise /Zc:wchar_t /Zc:forScope /Fo"Release\\" /Fd"Release\vc100.pdb" /Gd /TP /analyze- /errorReport:prompt simplest_video_play_sdl2.cpp
         simplest_video_play_sdl2.cpp
     1>simplest_video_play_sdl2.cpp(111): warning C4996: 'fopen': This function or variable may be unsafe. Consider using fopen_s instead. To disable deprecation, use _CRT_SECURE_NO_WARNINGS. See online help for details.
                 C:\Program Files\Microsoft Visual Studio 10.0\VC\include\stdio.h(234) : see declaration of 'fopen'
       Link:
         C:\Program Files\Microsoft Visual Studio 10.0\VC\bin\link.exe /ERRORREPORT:PROMPT /OUT:"C:\d\lib\ffmpeg\Release\simplest_video_play_sdl2.exe" /INCREMENTAL:NO /NOLOGO /LIBPATH:lib SDL2.lib SDL2main.lib kernel32.lib user32.lib gdi32.lib winspool.lib comdlg32.lib advapi32.lib shell32.lib ole32.lib oleaut32.lib uuid.lib odbc32.lib odbccp32.lib /MANIFEST /ManifestFile:"Release\simplest_video_play_sdl2.exe.intermediate.manifest" /MANIFESTUAC:"level='asInvoker' uiAccess='false'" /DEBUG /PDB:"C:\d\lib\ffmpeg\Release\simplest_video_play_sdl2.pdb" /SUBSYSTEM:CONSOLE /OPT:REF /OPT:ICF /LTCG /TLBID:1 /DYNAMICBASE /NXCOMPAT /IMPLIB:"C:\d\lib\ffmpeg\Release\simplest_video_play_sdl2.lib" /MACHINE:X86 Release\simplest_video_play_sdl2.obj
         Generating code
         Finished generating code
         simplest_video_play_sdl2.vcxproj -> C:\d\lib\ffmpeg\Release\simplest_video_play_sdl2.exe
       Manifest:
         C:\Program Files\Microsoft SDKs\Windows\v7.0A\bin\mt.exe /nologo /verbose /outputresource:"C:\d\lib\ffmpeg\Release\simplest_video_play_sdl2.exe;#1" /manifest Release\simplest_video_play_sdl2.exe.intermediate.manifest
       FinalizeBuildStatus:
         Deleting file "Release\simplest_video_play_sdl2.unsuccessfulbuild".
         Touching "Release\simplest_video_play_sdl2.lastbuildstate".
     1>Done Building Project "C:\d\lib\ffmpeg\simplest_video_play_sdl2\simplest_video_play_sdl2.vcxproj" (build target(s)).

Build succeeded.

Time Elapsed 00:00:02.52
