Build started 18/11/2021 03:04:54 p.m..
     1>Project "C:\d\lib\DirectShow\windowless\Windowless.vcxproj" on node 2 (rebuild target(s)).
     1>_PrepareForClean:
         Deleting file "Release\Windowless.lastbuildstate".
       InitializeBuildStatus:
         Creating "Release\Windowless.unsuccessfulbuild" because "AlwaysCreate" was specified.
       ClCompile:
         C:\Program Files\Microsoft Visual Studio 10.0\VC\bin\CL.exe /c /I..\..\Common /Zi /nologo /W3 /WX- /O2 /Oy- /D WIN32 /D NDEBUG /D _WINDOWS /D _UNICODE /D UNICODE /Gm- /EHsc /MD /GS /fp:precise /Zc:wchar_t /Zc:forScope /Fo"Release\\" /Fd"Release\vc100.pdb" /Gd /TP /analyze- /errorReport:prompt windowless.cpp /D _WIN32_WINNT=0x0501 
         windowless.cpp
     1>windowless.cpp(1065): warning C4101: 'ppVmr9' : unreferenced local variable
       Link:
         C:\Program Files\Microsoft Visual Studio 10.0\VC\bin\link.exe /ERRORREPORT:PROMPT /OUT:"Release\Windowless.exe" /INCREMENTAL:NO /NOLOGO strmiids.lib kernel32.lib user32.lib gdi32.lib winspool.lib comdlg32.lib advapi32.lib shell32.lib ole32.lib oleaut32.lib uuid.lib odbc32.lib odbccp32.lib /MANIFEST /ManifestFile:"Release\Windowless.exe.intermediate.manifest" /MANIFESTUAC:"level='asInvoker' uiAccess='false'" /DEBUG /PDB:"C:\d\lib\DirectShow\windowless\Release\Windowless.pdb" /SUBSYSTEM:WINDOWS /OPT:REF /OPT:ICF /TLBID:1 /DYNAMICBASE /NXCOMPAT /IMPLIB:"Release\Windowless.lib" /MACHINE:X86 Release\windowless.obj
         Windowless.vcxproj -> C:\d\lib\DirectShow\windowless\Release\Windowless.exe
       Manifest:
         C:\Program Files\Microsoft SDKs\Windows\v7.0A\bin\mt.exe /nologo /verbose /outputresource:"Release\Windowless.exe;#1" /manifest Release\Windowless.exe.intermediate.manifest
       FinalizeBuildStatus:
         Deleting file "Release\Windowless.unsuccessfulbuild".
         Touching "Release\Windowless.lastbuildstate".
     1>Done Building Project "C:\d\lib\DirectShow\windowless\Windowless.vcxproj" (rebuild target(s)).

Build succeeded.

Time Elapsed 00:00:05.93
